#
# There is insufficient memory for the Java Runtime Environment to continue.
# Native memory allocation (malloc) failed to allocate 1016896 bytes for Chunk::new
# Possible reasons:
#   The system is out of physical RAM or swap space
#   The process is running with CompressedOops enabled, and the Java Heap may be blocking the growth of the native heap
# Possible solutions:
#   Reduce memory load on the system
#   Increase physical memory or swap space
#   Check if swap backing store is full
#   Decrease Java heap size (-Xmx/-Xms)
#   Decrease number of Java threads
#   Decrease Java thread stack sizes (-Xss)
#   Set larger code cache with -XX:ReservedCodeCacheSize=
#   JVM is running with Unscaled Compressed Oops mode in which the Java heap is
#     placed in the first 4GB address space. The Java Heap base address is the
#     maximum limit for the native heap growth. Please use -XX:HeapBaseMinAddress
#     to set the Java Heap base and to place the Java Heap above 4GB virtual address.
# This output file may be truncated or incomplete.
#
#  Out of Memory Error (./src/hotspot/share/memory/arena.cpp:197), pid=2956, tid=17216
#
# JRE version: OpenJDK Runtime Environment (11.0.10) (build 11.0.10+0-b96-7249189)
# Java VM: OpenJDK 64-Bit Server VM (11.0.10+0-b96-7249189, mixed mode, tiered, compressed oops, g1 gc, windows-amd64)
# No core dump will be written. Minidumps are not enabled by default on client versions of Windows
#

---------------  S U M M A R Y ------------

Command Line: --add-opens=java.base/java.util=ALL-UNNAMED --add-opens=java.base/java.lang=ALL-UNNAMED --add-opens=java.base/java.lang.invoke=ALL-UNNAMED --add-opens=java.base/java.util=ALL-UNNAMED --add-opens=java.prefs/java.util.prefs=ALL-UNNAMED --add-opens=java.prefs/java.util.prefs=ALL-UNNAMED --add-opens=java.base/java.nio.charset=ALL-UNNAMED --add-opens=java.base/java.net=ALL-UNNAMED --add-opens=java.base/java.util.concurrent.atomic=ALL-UNNAMED -Xmx2048m -Dfile.encoding=UTF-8 -Duser.country=CN -Duser.language=zh -Duser.variant org.gradle.launcher.daemon.bootstrap.GradleDaemon 7.0.2

Host: AMD Ryzen 5 3550H with Radeon Vega Mobile Gfx  , 8 cores, 6G,  Windows 10 , 64 bit Build 19041 (10.0.19041.1151)
Time: Fri Aug 20 17:30:13 2021 中国标准时间 elapsed time: 6.150714 seconds (0d 0h 0m 6s)

---------------  T H R E A D  ---------------

Current thread (0x000001bd6ace5000):  JavaThread "C2 CompilerThread0" daemon [_thread_in_native, id=17216, stack(0x00000087d1700000,0x00000087d1800000)]


Current CompileTask:
C2:   6150 2051       4       java.net.URLClassLoader$1::run (5 bytes)

Stack: [0x00000087d1700000,0x00000087d1800000]
Native frames: (J=compiled Java code, j=interpreted, Vv=VM code, C=native code)
V  [jvm.dll+0x5ecfaa]
V  [jvm.dll+0x722bd5]
V  [jvm.dll+0x72412d]
V  [jvm.dll+0x7247e3]
V  [jvm.dll+0x242928]
V  [jvm.dll+0xbc4fc]
V  [jvm.dll+0xbca0c]
V  [jvm.dll+0x2b4fd4]
V  [jvm.dll+0x506028]
V  [jvm.dll+0x203253]
V  [jvm.dll+0x1fd07c]
V  [jvm.dll+0x1fa77f]
V  [jvm.dll+0x18354c]
V  [jvm.dll+0x208ee7]
V  [jvm.dll+0x207731]
V  [jvm.dll+0x6eb1cf]
V  [jvm.dll+0x6e3d45]
V  [jvm.dll+0x5ebe96]
C  [ucrtbase.dll+0x21bb2]
C  [KERNEL32.DLL+0x17034]
C  [ntdll.dll+0x52651]


---------------  P R O C E S S  ---------------

Threads class SMR info:
_java_thread_list=0x000001bd6ca7bc90, length=23, elements={
0x000001bd5007b000, 0x000001bd6acab000, 0x000001bd6acb9000, 0x000001bd6acdc800,
0x000001bd6acdf800, 0x000001bd6ace3000, 0x000001bd6ace5000, 0x000001bd6ace9800,
0x000001bd6acf6800, 0x000001bd6b71b000, 0x000001bd6d5bb800, 0x000001bd6d55b000,
0x000001bd6ce77000, 0x000001bd6d132800, 0x000001bd6c895000, 0x000001bd6ca65800,
0x000001bd6ca6a000, 0x000001bd6d7e4000, 0x000001bd6d696800, 0x000001bd6d69c000,
0x000001bd6d6a2800, 0x000001bd6d69c800, 0x000001bd6d6a1000
}

Java Threads: ( => current thread )
  0x000001bd5007b000 JavaThread "main" [_thread_blocked, id=18580, stack(0x00000087d0b00000,0x00000087d0c00000)]
  0x000001bd6acab000 JavaThread "Reference Handler" daemon [_thread_blocked, id=7652, stack(0x00000087d1200000,0x00000087d1300000)]
  0x000001bd6acb9000 JavaThread "Finalizer" daemon [_thread_blocked, id=16136, stack(0x00000087d1300000,0x00000087d1400000)]
  0x000001bd6acdc800 JavaThread "Signal Dispatcher" daemon [_thread_blocked, id=17932, stack(0x00000087d1400000,0x00000087d1500000)]
  0x000001bd6acdf800 JavaThread "Attach Listener" daemon [_thread_blocked, id=10568, stack(0x00000087d1500000,0x00000087d1600000)]
  0x000001bd6ace3000 JavaThread "Service Thread" daemon [_thread_blocked, id=13476, stack(0x00000087d1600000,0x00000087d1700000)]
=>0x000001bd6ace5000 JavaThread "C2 CompilerThread0" daemon [_thread_in_native, id=17216, stack(0x00000087d1700000,0x00000087d1800000)]
  0x000001bd6ace9800 JavaThread "C1 CompilerThread0" daemon [_thread_blocked, id=15104, stack(0x00000087d1800000,0x00000087d1900000)]
  0x000001bd6acf6800 JavaThread "Sweeper thread" daemon [_thread_blocked, id=2948, stack(0x00000087d1900000,0x00000087d1a00000)]
  0x000001bd6b71b000 JavaThread "Common-Cleaner" daemon [_thread_blocked, id=5736, stack(0x00000087d1a00000,0x00000087d1b00000)]
  0x000001bd6d5bb800 JavaThread "Daemon health stats" [_thread_blocked, id=16036, stack(0x00000087d1d00000,0x00000087d1e00000)]
  0x000001bd6d55b000 JavaThread "Incoming local TCP Connector on port 52959" [_thread_in_native, id=19236, stack(0x00000087d1e00000,0x00000087d1f00000)]
  0x000001bd6ce77000 JavaThread "Daemon periodic checks" [_thread_blocked, id=18684, stack(0x00000087d1f00000,0x00000087d2000000)]
  0x000001bd6d132800 JavaThread "Daemon" [_thread_blocked, id=8120, stack(0x00000087d2000000,0x00000087d2100000)]
  0x000001bd6c895000 JavaThread "Handler for socket connection from /127.0.0.1:52959 to /127.0.0.1:52960" [_thread_in_native, id=5492, stack(0x00000087d2100000,0x00000087d2200000)]
  0x000001bd6ca65800 JavaThread "Cancel handler" [_thread_blocked, id=2388, stack(0x00000087d2200000,0x00000087d2300000)]
  0x000001bd6ca6a000 JavaThread "Daemon worker" [_thread_in_Java, id=11716, stack(0x00000087d2300000,0x00000087d2400000)]
  0x000001bd6d7e4000 JavaThread "Asynchronous log dispatcher for DefaultDaemonConnection: socket connection from /127.0.0.1:52959 to /127.0.0.1:52960" [_thread_blocked, id=12040, stack(0x00000087d2a00000,0x00000087d2b00000)]
  0x000001bd6d696800 JavaThread "Stdin handler" [_thread_blocked, id=16844, stack(0x00000087d2b00000,0x00000087d2c00000)]
  0x000001bd6d69c000 JavaThread "Daemon client event forwarder" [_thread_blocked, id=636, stack(0x00000087d2c00000,0x00000087d2d00000)]
  0x000001bd6d6a2800 JavaThread "Cache worker for file hash cache (C:\Users\cu\.gradle\caches\7.0.2\fileHashes)" [_thread_blocked, id=18908, stack(0x00000087d2d00000,0x00000087d2e00000)]
  0x000001bd6d69c800 JavaThread "File lock request listener" [_thread_in_native, id=4196, stack(0x00000087d2e00000,0x00000087d2f00000)]
  0x000001bd6d6a1000 JavaThread "Cache worker for journal cache (C:\Users\cu\.gradle\caches\journal-1)" [_thread_blocked, id=11684, stack(0x00000087d3000000,0x00000087d3100000)]

Other Threads:
  0x000001bd6aca9000 VMThread "VM Thread" [stack: 0x00000087d1100000,0x00000087d1200000] [id=6248]
  0x000001bd6b75a800 WatcherThread [stack: 0x00000087d1b00000,0x00000087d1c00000] [id=8052]
  0x000001bd50093800 GCTaskThread "GC Thread#0" [stack: 0x00000087d0c00000,0x00000087d0d00000] [id=6792]
  0x000001bd6ba8c800 GCTaskThread "GC Thread#1" [stack: 0x00000087d1c00000,0x00000087d1d00000] [id=15888]
  0x000001bd6ca6b000 GCTaskThread "GC Thread#2" [stack: 0x00000087d2400000,0x00000087d2500000] [id=13356]
  0x000001bd6d7cf800 GCTaskThread "GC Thread#3" [stack: 0x00000087d2500000,0x00000087d2600000] [id=14164]
  0x000001bd6d7d0000 GCTaskThread "GC Thread#4" [stack: 0x00000087d2600000,0x00000087d2700000] [id=19132]
  0x000001bd6d7d0800 GCTaskThread "GC Thread#5" [stack: 0x00000087d2700000,0x00000087d2800000] [id=7940]
  0x000001bd6d7d3800 GCTaskThread "GC Thread#6" [stack: 0x00000087d2800000,0x00000087d2900000] [id=14784]
  0x000001bd6d7d4000 GCTaskThread "GC Thread#7" [stack: 0x00000087d2900000,0x00000087d2a00000] [id=13020]
  0x000001bd500c6800 ConcurrentGCThread "G1 Main Marker" [stack: 0x00000087d0d00000,0x00000087d0e00000] [id=15320]
  0x000001bd500c7800 ConcurrentGCThread "G1 Conc#0" [stack: 0x00000087d0e00000,0x00000087d0f00000] [id=5868]
  0x000001bd6d699000 ConcurrentGCThread "G1 Conc#1" [stack: 0x00000087d2f00000,0x00000087d3000000] [id=268]
  0x000001bd50155000 ConcurrentGCThread "G1 Refine#0" [stack: 0x00000087d0f00000,0x00000087d1000000] [id=13668]
  0x000001bd50156000 ConcurrentGCThread "G1 Young RemSet Sampling" [stack: 0x00000087d1000000,0x00000087d1100000] [id=12256]

Threads with active compile tasks:
C2 CompilerThread0   6176 2051       4       java.net.URLClassLoader$1::run (5 bytes)

VM state:not at safepoint (normal execution)

VM Mutex/Monitor currently owned by a thread: None

Heap address: 0x0000000080000000, size: 2048 MB, Compressed Oops mode: 32-bit
Narrow klass base: 0x0000000000000000, Narrow klass shift: 3
Compressed class space size: 1073741824 Address: 0x0000000100000000

Heap:
 garbage-first heap   total 114688K, used 54960K [0x0000000080000000, 0x0000000100000000)
  region size 1024K, 40 young (40960K), 2 survivors (2048K)
 Metaspace       used 24330K, capacity 24966K, committed 25088K, reserved 1071104K
  class space    used 3124K, capacity 3321K, committed 3328K, reserved 1048576K
Heap Regions: E=young(eden), S=young(survivor), O=old, HS=humongous(starts), HC=humongous(continues), CS=collection set, F=free, A=archive, TAMS=top-at-mark-start (previous, next)
|   0|0x0000000080000000, 0x0000000080100000, 0x0000000080100000|100%| O|  |TAMS 0x0000000080100000, 0x0000000080000000| Untracked 
|   1|0x0000000080100000, 0x0000000080200000, 0x0000000080200000|100%| O|  |TAMS 0x0000000080200000, 0x0000000080100000| Untracked 
|   2|0x0000000080200000, 0x0000000080300000, 0x0000000080300000|100%| O|  |TAMS 0x0000000080300000, 0x0000000080200000| Untracked 
|   3|0x0000000080300000, 0x0000000080400000, 0x0000000080400000|100%|HS|  |TAMS 0x0000000080400000, 0x0000000080300000| Complete 
|   4|0x0000000080400000, 0x0000000080500000, 0x0000000080500000|100%|HC|  |TAMS 0x0000000080500000, 0x0000000080400000| Complete 
|   5|0x0000000080500000, 0x0000000080600000, 0x0000000080600000|100%|HC|  |TAMS 0x0000000080600000, 0x0000000080500000| Complete 
|   6|0x0000000080600000, 0x0000000080700000, 0x0000000080700000|100%| O|  |TAMS 0x0000000080700000, 0x0000000080600000| Untracked 
|   7|0x0000000080700000, 0x0000000080800000, 0x0000000080800000|100%| O|  |TAMS 0x0000000080800000, 0x0000000080700000| Untracked 
|   8|0x0000000080800000, 0x0000000080900000, 0x0000000080900000|100%| O|  |TAMS 0x0000000080900000, 0x0000000080800000| Untracked 
|   9|0x0000000080900000, 0x0000000080a00000, 0x0000000080a00000|100%| O|  |TAMS 0x0000000080a00000, 0x0000000080900000| Untracked 
|  10|0x0000000080a00000, 0x0000000080b00000, 0x0000000080b00000|100%| O|  |TAMS 0x0000000080b00000, 0x0000000080a00000| Untracked 
|  11|0x0000000080b00000, 0x0000000080c00000, 0x0000000080c00000|100%| O|  |TAMS 0x0000000080c00000, 0x0000000080b00000| Untracked 
|  12|0x0000000080c00000, 0x0000000080d00000, 0x0000000080d00000|100%| O|  |TAMS 0x0000000080d00000, 0x0000000080c00000| Untracked 
|  13|0x0000000080d00000, 0x0000000080e00000, 0x0000000080e00000|100%| O|  |TAMS 0x0000000080e00000, 0x0000000080d00000| Untracked 
|  14|0x0000000080e00000, 0x0000000080f00000, 0x0000000080f00000|100%| O|  |TAMS 0x0000000080f00000, 0x0000000080e00000| Untracked 
|  15|0x0000000080f00000, 0x0000000080f54400, 0x0000000081000000| 32%| O|  |TAMS 0x0000000080f54400, 0x0000000080f00000| Untracked 
|  16|0x0000000081000000, 0x0000000081000000, 0x0000000081100000|  0%| F|  |TAMS 0x0000000081000000, 0x0000000081000000| Untracked 
|  17|0x0000000081100000, 0x0000000081100000, 0x0000000081200000|  0%| F|  |TAMS 0x0000000081100000, 0x0000000081100000| Untracked 
|  18|0x0000000081200000, 0x0000000081200000, 0x0000000081300000|  0%| F|  |TAMS 0x0000000081200000, 0x0000000081200000| Untracked 
|  19|0x0000000081300000, 0x0000000081300000, 0x0000000081400000|  0%| F|  |TAMS 0x0000000081300000, 0x0000000081300000| Untracked 
|  20|0x0000000081400000, 0x0000000081400000, 0x0000000081500000|  0%| F|  |TAMS 0x0000000081400000, 0x0000000081400000| Untracked 
|  21|0x0000000081500000, 0x0000000081500000, 0x0000000081600000|  0%| F|  |TAMS 0x0000000081500000, 0x0000000081500000| Untracked 
|  22|0x0000000081600000, 0x0000000081600000, 0x0000000081700000|  0%| F|  |TAMS 0x0000000081600000, 0x0000000081600000| Untracked 
|  23|0x0000000081700000, 0x0000000081700000, 0x0000000081800000|  0%| F|  |TAMS 0x0000000081700000, 0x0000000081700000| Untracked 
|  24|0x0000000081800000, 0x0000000081800000, 0x0000000081900000|  0%| F|  |TAMS 0x0000000081800000, 0x0000000081800000| Untracked 
|  25|0x0000000081900000, 0x0000000081900000, 0x0000000081a00000|  0%| F|  |TAMS 0x0000000081900000, 0x0000000081900000| Untracked 
|  26|0x0000000081a00000, 0x0000000081a00000, 0x0000000081b00000|  0%| F|  |TAMS 0x0000000081a00000, 0x0000000081a00000| Untracked 
|  27|0x0000000081b00000, 0x0000000081b00000, 0x0000000081c00000|  0%| F|  |TAMS 0x0000000081b00000, 0x0000000081b00000| Untracked 
|  28|0x0000000081c00000, 0x0000000081c00000, 0x0000000081d00000|  0%| F|  |TAMS 0x0000000081c00000, 0x0000000081c00000| Untracked 
|  29|0x0000000081d00000, 0x0000000081d00000, 0x0000000081e00000|  0%| F|  |TAMS 0x0000000081d00000, 0x0000000081d00000| Untracked 
|  30|0x0000000081e00000, 0x0000000081e00000, 0x0000000081f00000|  0%| F|  |TAMS 0x0000000081e00000, 0x0000000081e00000| Untracked 
|  31|0x0000000081f00000, 0x0000000081f00000, 0x0000000082000000|  0%| F|  |TAMS 0x0000000081f00000, 0x0000000081f00000| Untracked 
|  32|0x0000000082000000, 0x0000000082000000, 0x0000000082100000|  0%| F|  |TAMS 0x0000000082000000, 0x0000000082000000| Untracked 
|  33|0x0000000082100000, 0x0000000082100000, 0x0000000082200000|  0%| F|  |TAMS 0x0000000082100000, 0x0000000082100000| Untracked 
|  34|0x0000000082200000, 0x0000000082200000, 0x0000000082300000|  0%| F|  |TAMS 0x0000000082200000, 0x0000000082200000| Untracked 
|  35|0x0000000082300000, 0x0000000082300000, 0x0000000082400000|  0%| F|  |TAMS 0x0000000082300000, 0x0000000082300000| Untracked 
|  36|0x0000000082400000, 0x0000000082400000, 0x0000000082500000|  0%| F|  |TAMS 0x0000000082400000, 0x0000000082400000| Untracked 
|  37|0x0000000082500000, 0x0000000082500000, 0x0000000082600000|  0%| F|  |TAMS 0x0000000082500000, 0x0000000082500000| Untracked 
|  38|0x0000000082600000, 0x0000000082600000, 0x0000000082700000|  0%| F|  |TAMS 0x0000000082600000, 0x0000000082600000| Untracked 
|  39|0x0000000082700000, 0x0000000082700000, 0x0000000082800000|  0%| F|  |TAMS 0x0000000082700000, 0x0000000082700000| Untracked 
|  40|0x0000000082800000, 0x0000000082800000, 0x0000000082900000|  0%| F|  |TAMS 0x0000000082800000, 0x0000000082800000| Untracked 
|  41|0x0000000082900000, 0x0000000082900000, 0x0000000082a00000|  0%| F|  |TAMS 0x0000000082900000, 0x0000000082900000| Untracked 
|  42|0x0000000082a00000, 0x0000000082a00000, 0x0000000082b00000|  0%| F|  |TAMS 0x0000000082a00000, 0x0000000082a00000| Untracked 
|  43|0x0000000082b00000, 0x0000000082b00000, 0x0000000082c00000|  0%| F|  |TAMS 0x0000000082b00000, 0x0000000082b00000| Untracked 
|  44|0x0000000082c00000, 0x0000000082c00000, 0x0000000082d00000|  0%| F|  |TAMS 0x0000000082c00000, 0x0000000082c00000| Untracked 
|  45|0x0000000082d00000, 0x0000000082d00000, 0x0000000082e00000|  0%| F|  |TAMS 0x0000000082d00000, 0x0000000082d00000| Untracked 
|  46|0x0000000082e00000, 0x0000000082e00000, 0x0000000082f00000|  0%| F|  |TAMS 0x0000000082e00000, 0x0000000082e00000| Untracked 
|  47|0x0000000082f00000, 0x0000000082f00000, 0x0000000083000000|  0%| F|  |TAMS 0x0000000082f00000, 0x0000000082f00000| Untracked 
|  48|0x0000000083000000, 0x0000000083000000, 0x0000000083100000|  0%| F|  |TAMS 0x0000000083000000, 0x0000000083000000| Untracked 
|  49|0x0000000083100000, 0x0000000083100000, 0x0000000083200000|  0%| F|  |TAMS 0x0000000083100000, 0x0000000083100000| Untracked 
|  50|0x0000000083200000, 0x0000000083200000, 0x0000000083300000|  0%| F|  |TAMS 0x0000000083200000, 0x0000000083200000| Untracked 
|  51|0x0000000083300000, 0x0000000083300000, 0x0000000083400000|  0%| F|  |TAMS 0x0000000083300000, 0x0000000083300000| Untracked 
|  52|0x0000000083400000, 0x0000000083400000, 0x0000000083500000|  0%| F|  |TAMS 0x0000000083400000, 0x0000000083400000| Untracked 
|  53|0x0000000083500000, 0x0000000083500000, 0x0000000083600000|  0%| F|  |TAMS 0x0000000083500000, 0x0000000083500000| Untracked 
|  54|0x0000000083600000, 0x0000000083600000, 0x0000000083700000|  0%| F|  |TAMS 0x0000000083600000, 0x0000000083600000| Untracked 
|  55|0x0000000083700000, 0x0000000083700000, 0x0000000083800000|  0%| F|  |TAMS 0x0000000083700000, 0x0000000083700000| Untracked 
|  56|0x0000000083800000, 0x0000000083800000, 0x0000000083900000|  0%| F|  |TAMS 0x0000000083800000, 0x0000000083800000| Untracked 
|  57|0x0000000083900000, 0x0000000083900000, 0x0000000083a00000|  0%| F|  |TAMS 0x0000000083900000, 0x0000000083900000| Untracked 
|  58|0x0000000083a00000, 0x0000000083a00000, 0x0000000083b00000|  0%| F|  |TAMS 0x0000000083a00000, 0x0000000083a00000| Untracked 
|  59|0x0000000083b00000, 0x0000000083b00000, 0x0000000083c00000|  0%| F|  |TAMS 0x0000000083b00000, 0x0000000083b00000| Untracked 
|  60|0x0000000083c00000, 0x0000000083c00000, 0x0000000083d00000|  0%| F|  |TAMS 0x0000000083c00000, 0x0000000083c00000| Untracked 
|  61|0x0000000083d00000, 0x0000000083d00000, 0x0000000083e00000|  0%| F|  |TAMS 0x0000000083d00000, 0x0000000083d00000| Untracked 
|  62|0x0000000083e00000, 0x0000000083e00000, 0x0000000083f00000|  0%| F|  |TAMS 0x0000000083e00000, 0x0000000083e00000| Untracked 
|  63|0x0000000083f00000, 0x0000000083f00000, 0x0000000084000000|  0%| F|  |TAMS 0x0000000083f00000, 0x0000000083f00000| Untracked 
|  64|0x0000000084000000, 0x0000000084000000, 0x0000000084100000|  0%| F|  |TAMS 0x0000000084000000, 0x0000000084000000| Untracked 
|  65|0x0000000084100000, 0x0000000084100000, 0x0000000084200000|  0%| F|  |TAMS 0x0000000084100000, 0x0000000084100000| Untracked 
|  66|0x0000000084200000, 0x0000000084200000, 0x0000000084300000|  0%| F|  |TAMS 0x0000000084200000, 0x0000000084200000| Untracked 
|  67|0x0000000084300000, 0x0000000084300000, 0x0000000084400000|  0%| F|  |TAMS 0x0000000084300000, 0x0000000084300000| Untracked 
|  68|0x0000000084400000, 0x0000000084400000, 0x0000000084500000|  0%| F|  |TAMS 0x0000000084400000, 0x0000000084400000| Untracked 
|  69|0x0000000084500000, 0x0000000084500000, 0x0000000084600000|  0%| F|  |TAMS 0x0000000084500000, 0x0000000084500000| Untracked 
|  70|0x0000000084600000, 0x0000000084600000, 0x0000000084700000|  0%| F|  |TAMS 0x0000000084600000, 0x0000000084600000| Untracked 
|  71|0x0000000084700000, 0x0000000084700000, 0x0000000084800000|  0%| F|  |TAMS 0x0000000084700000, 0x0000000084700000| Untracked 
|  72|0x0000000084800000, 0x0000000084880800, 0x0000000084900000| 50%| E|  |TAMS 0x0000000084800000, 0x0000000084800000| Complete 
|  73|0x0000000084900000, 0x0000000084a00000, 0x0000000084a00000|100%| E|CS|TAMS 0x0000000084900000, 0x0000000084900000| Complete 
|  74|0x0000000084a00000, 0x0000000084b00000, 0x0000000084b00000|100%| E|CS|TAMS 0x0000000084a00000, 0x0000000084a00000| Complete 
|  75|0x0000000084b00000, 0x0000000084c00000, 0x0000000084c00000|100%| E|CS|TAMS 0x0000000084b00000, 0x0000000084b00000| Complete 
|  76|0x0000000084c00000, 0x0000000084d00000, 0x0000000084d00000|100%| E|CS|TAMS 0x0000000084c00000, 0x0000000084c00000| Complete 
|  77|0x0000000084d00000, 0x0000000084e00000, 0x0000000084e00000|100%| E|CS|TAMS 0x0000000084d00000, 0x0000000084d00000| Complete 
|  78|0x0000000084e00000, 0x0000000084f00000, 0x0000000084f00000|100%| E|CS|TAMS 0x0000000084e00000, 0x0000000084e00000| Complete 
|  79|0x0000000084f00000, 0x0000000084f57d20, 0x0000000085000000| 34%| S|CS|TAMS 0x0000000084f00000, 0x0000000084f00000| Complete 
|  80|0x0000000085000000, 0x0000000085100000, 0x0000000085100000|100%| S|CS|TAMS 0x0000000085000000, 0x0000000085000000| Complete 
|  81|0x0000000085100000, 0x0000000085200000, 0x0000000085200000|100%| E|CS|TAMS 0x0000000085100000, 0x0000000085100000| Complete 
|  82|0x0000000085200000, 0x0000000085300000, 0x0000000085300000|100%| E|CS|TAMS 0x0000000085200000, 0x0000000085200000| Complete 
|  83|0x0000000085300000, 0x0000000085400000, 0x0000000085400000|100%| E|CS|TAMS 0x0000000085300000, 0x0000000085300000| Complete 
|  84|0x0000000085400000, 0x0000000085500000, 0x0000000085500000|100%| E|CS|TAMS 0x0000000085400000, 0x0000000085400000| Complete 
|  85|0x0000000085500000, 0x0000000085600000, 0x0000000085600000|100%| E|CS|TAMS 0x0000000085500000, 0x0000000085500000| Complete 
|  86|0x0000000085600000, 0x0000000085700000, 0x0000000085700000|100%| E|CS|TAMS 0x0000000085600000, 0x0000000085600000| Complete 
|  87|0x0000000085700000, 0x0000000085800000, 0x0000000085800000|100%| E|CS|TAMS 0x0000000085700000, 0x0000000085700000| Complete 
|  88|0x0000000085800000, 0x0000000085900000, 0x0000000085900000|100%| E|CS|TAMS 0x0000000085800000, 0x0000000085800000| Complete 
|  89|0x0000000085900000, 0x0000000085a00000, 0x0000000085a00000|100%| E|CS|TAMS 0x0000000085900000, 0x0000000085900000| Complete 
|  90|0x0000000085a00000, 0x0000000085b00000, 0x0000000085b00000|100%| E|CS|TAMS 0x0000000085a00000, 0x0000000085a00000| Complete 
|  91|0x0000000085b00000, 0x0000000085c00000, 0x0000000085c00000|100%| E|CS|TAMS 0x0000000085b00000, 0x0000000085b00000| Complete 
|  92|0x0000000085c00000, 0x0000000085d00000, 0x0000000085d00000|100%| E|CS|TAMS 0x0000000085c00000, 0x0000000085c00000| Complete 
|  93|0x0000000085d00000, 0x0000000085e00000, 0x0000000085e00000|100%| E|CS|TAMS 0x0000000085d00000, 0x0000000085d00000| Complete 
|  94|0x0000000085e00000, 0x0000000085f00000, 0x0000000085f00000|100%| E|CS|TAMS 0x0000000085e00000, 0x0000000085e00000| Complete 
|  95|0x0000000085f00000, 0x0000000086000000, 0x0000000086000000|100%| E|CS|TAMS 0x0000000085f00000, 0x0000000085f00000| Complete 
|  96|0x0000000086000000, 0x0000000086100000, 0x0000000086100000|100%| E|CS|TAMS 0x0000000086000000, 0x0000000086000000| Complete 
|  97|0x0000000086100000, 0x0000000086200000, 0x0000000086200000|100%| E|CS|TAMS 0x0000000086100000, 0x0000000086100000| Complete 
|  98|0x0000000086200000, 0x0000000086300000, 0x0000000086300000|100%| E|CS|TAMS 0x0000000086200000, 0x0000000086200000| Complete 
|  99|0x0000000086300000, 0x0000000086400000, 0x0000000086400000|100%| E|CS|TAMS 0x0000000086300000, 0x0000000086300000| Complete 
| 100|0x0000000086400000, 0x0000000086500000, 0x0000000086500000|100%| E|CS|TAMS 0x0000000086400000, 0x0000000086400000| Complete 
| 101|0x0000000086500000, 0x0000000086600000, 0x0000000086600000|100%| E|CS|TAMS 0x0000000086500000, 0x0000000086500000| Complete 
| 102|0x0000000086600000, 0x0000000086700000, 0x0000000086700000|100%| E|CS|TAMS 0x0000000086600000, 0x0000000086600000| Complete 
| 103|0x0000000086700000, 0x0000000086800000, 0x0000000086800000|100%| E|CS|TAMS 0x0000000086700000, 0x0000000086700000| Complete 
| 104|0x0000000086800000, 0x0000000086900000, 0x0000000086900000|100%| E|CS|TAMS 0x0000000086800000, 0x0000000086800000| Complete 
| 105|0x0000000086900000, 0x0000000086a00000, 0x0000000086a00000|100%| E|CS|TAMS 0x0000000086900000, 0x0000000086900000| Complete 
| 106|0x0000000086a00000, 0x0000000086b00000, 0x0000000086b00000|100%| E|CS|TAMS 0x0000000086a00000, 0x0000000086a00000| Complete 
| 107|0x0000000086b00000, 0x0000000086c00000, 0x0000000086c00000|100%| E|CS|TAMS 0x0000000086b00000, 0x0000000086b00000| Complete 
| 108|0x0000000086c00000, 0x0000000086d00000, 0x0000000086d00000|100%| E|CS|TAMS 0x0000000086c00000, 0x0000000086c00000| Complete 
| 109|0x0000000086d00000, 0x0000000086e00000, 0x0000000086e00000|100%| E|CS|TAMS 0x0000000086d00000, 0x0000000086d00000| Complete 
| 110|0x0000000086e00000, 0x0000000086f00000, 0x0000000086f00000|100%| E|CS|TAMS 0x0000000086e00000, 0x0000000086e00000| Complete 
| 111|0x0000000086f00000, 0x0000000087000000, 0x0000000087000000|100%| E|CS|TAMS 0x0000000086f00000, 0x0000000086f00000| Complete 

Card table byte_map: [0x000001bd639f0000,0x000001bd63df0000] _byte_map_base: 0x000001bd635f0000

Marking Bits (Prev, Next): (CMBitMap*) 0x000001bd500bcb00, (CMBitMap*) 0x000001bd500bcac8
 Prev Bits: [0x000001bd661f0000, 0x000001bd681f0000)
 Next Bits: [0x000001bd641f0000, 0x000001bd661f0000)

Polling page: 0x000001bd4e8a0000

Metaspace:

Usage:
  Non-class:     21.14 MB capacity,    20.72 MB ( 98%) used,   378.66 KB (  2%) free+waste,    46.50 KB ( <1%) overhead. 
      Class:      3.27 MB capacity,     3.06 MB ( 93%) used,   200.64 KB (  6%) free+waste,    23.44 KB ( <1%) overhead. 
       Both:     24.41 MB capacity,    23.78 MB ( 97%) used,   579.30 KB (  2%) free+waste,    69.94 KB ( <1%) overhead. 

Virtual space:
  Non-class space:       22.00 MB reserved,      21.25 MB ( 97%) committed 
      Class space:        1.00 GB reserved,       3.38 MB ( <1%) committed 
             Both:        1.02 GB reserved,      24.63 MB (  2%) committed 

Chunk freelists:
   Non-Class:  51.00 KB
       Class:  7.00 KB
        Both:  58.00 KB

MaxMetaspaceSize: 17179869184.00 GB
CompressedClassSpaceSize: 1.00 GB

CodeHeap 'non-profiled nmethods': size=120000Kb used=945Kb max_used=945Kb free=119054Kb
 bounds [0x000001bd5b650000, 0x000001bd5b8c0000, 0x000001bd62b80000]
CodeHeap 'profiled nmethods': size=120000Kb used=4547Kb max_used=4547Kb free=115453Kb
 bounds [0x000001bd54120000, 0x000001bd545a0000, 0x000001bd5b650000]
CodeHeap 'non-nmethods': size=5760Kb used=1154Kb max_used=1185Kb free=4605Kb
 bounds [0x000001bd53b80000, 0x000001bd53df0000, 0x000001bd54120000]
 total_blobs=2616 nmethods=2122 adapters=405
 compilation: enabled
              stopped_count=0, restarted_count=0
 full_count=0

Compilation events (20 events):
Event: 6.082 Thread 0x000001bd6ace9800 2067       3       jdk.internal.module.SystemModuleFinders$SystemModuleReader::find (54 bytes)
Event: 6.083 Thread 0x000001bd6ace9800 nmethod 2067 0x000001bd5456d410 code [0x000001bd5456d740, 0x000001bd5456e758]
Event: 6.084 Thread 0x000001bd6ace9800 2068       3       java.io.Reader::<init> (27 bytes)
Event: 6.085 Thread 0x000001bd6ace9800 nmethod 2068 0x000001bd5456ed90 code [0x000001bd5456ef60, 0x000001bd5456f248]
Event: 6.133 Thread 0x000001bd6ace9800 2069       3       java.lang.reflect.Method::setMethodAccessor (21 bytes)
Event: 6.133 Thread 0x000001bd6ace9800 nmethod 2069 0x000001bd5456f390 code [0x000001bd5456f560, 0x000001bd5456f848]
Event: 6.139 Thread 0x000001bd6ace9800 2070       3       org.gradle.internal.service.DefaultServiceRegistry$ParentServices::getService (11 bytes)
Event: 6.139 Thread 0x000001bd6ace9800 nmethod 2070 0x000001bd5456f990 code [0x000001bd5456fb40, 0x000001bd5456fd08]
Event: 6.141 Thread 0x000001bd6ace9800 2071       3       java.lang.invoke.VarHandleObjects$FieldInstanceReadWrite::compareAndSet (38 bytes)
Event: 6.142 Thread 0x000001bd6ace9800 nmethod 2071 0x000001bd5456fe10 code [0x000001bd54570080, 0x000001bd545709e8]
Event: 6.142 Thread 0x000001bd6ace9800 2072       3       org.gradle.internal.service.DefaultServiceRegistry::isSatisfiedBy (44 bytes)
Event: 6.142 Thread 0x000001bd6ace9800 nmethod 2072 0x000001bd54570d90 code [0x000001bd54570fa0, 0x000001bd54571668]
Event: 6.142 Thread 0x000001bd6ace9800 2073       3       org.gradle.internal.service.DefaultServiceRegistry$SingletonService::getService (18 bytes)
Event: 6.142 Thread 0x000001bd6ace9800 nmethod 2073 0x000001bd54571790 code [0x000001bd54571960, 0x000001bd54571b78]
Event: 6.142 Thread 0x000001bd6ace9800 2074       3       org.gradle.internal.service.DefaultServiceRegistry::access$1200 (6 bytes)
Event: 6.142 Thread 0x000001bd6ace9800 nmethod 2074 0x000001bd54571c90 code [0x000001bd54571e40, 0x000001bd54571f48]
Event: 6.143 Thread 0x000001bd6ace9800 2075       3       java.net.URLConnection::<init> (62 bytes)
Event: 6.144 Thread 0x000001bd6ace9800 nmethod 2075 0x000001bd54572010 code [0x000001bd54572240, 0x000001bd54572908]
Event: 6.144 Thread 0x000001bd6ace9800 2076       3       java.net.URLConnection::getDefaultUseCaches (30 bytes)
Event: 6.144 Thread 0x000001bd6ace9800 nmethod 2076 0x000001bd54572b10 code [0x000001bd54572d20, 0x000001bd545731a8]

GC Heap History (6 events):
Event: 1.259 GC heap before
{Heap before GC invocations=0 (full 0):
 garbage-first heap   total 114688K, used 29696K [0x0000000080000000, 0x0000000100000000)
  region size 1024K, 24 young (24576K), 0 survivors (0K)
 Metaspace       used 10191K, capacity 10437K, committed 10624K, reserved 1058816K
  class space    used 1064K, capacity 1139K, committed 1152K, reserved 1048576K
}
Event: 1.267 GC heap after
{Heap after GC invocations=1 (full 0):
 garbage-first heap   total 114688K, used 9668K [0x0000000080000000, 0x0000000100000000)
  region size 1024K, 3 young (3072K), 3 survivors (3072K)
 Metaspace       used 10191K, capacity 10437K, committed 10624K, reserved 1058816K
  class space    used 1064K, capacity 1139K, committed 1152K, reserved 1048576K
}
Event: 4.248 GC heap before
{Heap before GC invocations=1 (full 0):
 garbage-first heap   total 114688K, used 76228K [0x0000000080000000, 0x0000000100000000)
  region size 1024K, 67 young (68608K), 3 survivors (3072K)
 Metaspace       used 16892K, capacity 17406K, committed 17536K, reserved 1064960K
  class space    used 1940K, capacity 2087K, committed 2176K, reserved 1048576K
}
Event: 4.255 GC heap after
{Heap after GC invocations=2 (full 0):
 garbage-first heap   total 114688K, used 15812K [0x0000000080000000, 0x0000000100000000)
  region size 1024K, 9 young (9216K), 9 survivors (9216K)
 Metaspace       used 16892K, capacity 17406K, committed 17536K, reserved 1064960K
  class space    used 1940K, capacity 2087K, committed 2176K, reserved 1048576K
}
Event: 5.334 GC heap before
{Heap before GC invocations=2 (full 0):
 garbage-first heap   total 114688K, used 46532K [0x0000000080000000, 0x0000000100000000)
  region size 1024K, 40 young (40960K), 9 survivors (9216K)
 Metaspace       used 20535K, capacity 21104K, committed 21248K, reserved 1067008K
  class space    used 2501K, capacity 2690K, committed 2816K, reserved 1048576K
}
Event: 5.345 GC heap after
{Heap after GC invocations=3 (full 0):
 garbage-first heap   total 114688K, used 17072K [0x0000000080000000, 0x0000000100000000)
  region size 1024K, 2 young (2048K), 2 survivors (2048K)
 Metaspace       used 20535K, capacity 21104K, committed 21248K, reserved 1067008K
  class space    used 2501K, capacity 2690K, committed 2816K, reserved 1048576K
}

Deoptimization events (20 events):
Event: 5.555 Thread 0x000001bd6ca6a000 Uncommon trap: trap_request=0xffffff4d fr.pc=0x000001bd5b6c4960 relative=0x0000000000000b40
Event: 5.555 Thread 0x000001bd6ca6a000 Uncommon trap: reason=unstable_if action=reinterpret pc=0x000001bd5b6c4960 method=java.util.Properties$LineReader.readLine()I @ 249 c2
Event: 5.555 Thread 0x000001bd6ca6a000 DEOPT PACKING pc=0x000001bd5b6c4960 sp=0x00000087d23fbd00
Event: 5.555 Thread 0x000001bd6ca6a000 DEOPT UNPACKING pc=0x000001bd53ba78af sp=0x00000087d23fbc90 mode 2
Event: 5.953 Thread 0x000001bd6ca6a000 Uncommon trap: trap_request=0xffffff4d fr.pc=0x000001bd5b727a64 relative=0x00000000000001a4
Event: 5.953 Thread 0x000001bd6ca6a000 Uncommon trap: reason=unstable_if action=reinterpret pc=0x000001bd5b727a64 method=java.util.HashMap.getNode(ILjava/lang/Object;)Ljava/util/HashMap$Node; @ 129 c2
Event: 5.953 Thread 0x000001bd6ca6a000 DEOPT PACKING pc=0x000001bd5b727a64 sp=0x00000087d23fcb40
Event: 5.953 Thread 0x000001bd6ca6a000 DEOPT UNPACKING pc=0x000001bd53ba78af sp=0x00000087d23fca50 mode 2
Event: 5.953 Thread 0x000001bd6ca6a000 Uncommon trap: trap_request=0xffffffc6 fr.pc=0x000001bd5b70ad7c relative=0x000000000000077c
Event: 5.953 Thread 0x000001bd6ca6a000 Uncommon trap: reason=bimorphic_or_optimized_type_check action=maybe_recompile pc=0x000001bd5b70ad7c method=java.util.HashMap.putVal(ILjava/lang/Object;Ljava/lang/Object;ZZ)Ljava/lang/Object; @ 203 c2
Event: 5.953 Thread 0x000001bd6ca6a000 DEOPT PACKING pc=0x000001bd5b70ad7c sp=0x00000087d23fcaa0
Event: 5.953 Thread 0x000001bd6ca6a000 DEOPT UNPACKING pc=0x000001bd53ba78af sp=0x00000087d23fca30 mode 2
Event: 5.967 Thread 0x000001bd6ca6a000 Uncommon trap: trap_request=0xffffff4d fr.pc=0x000001bd5b6b68d4 relative=0x0000000000000094
Event: 5.967 Thread 0x000001bd6ca6a000 Uncommon trap: reason=unstable_if action=reinterpret pc=0x000001bd5b6b68d4 method=java.util.LinkedHashMap.afterNodeInsertion(Z)V @ 1 c2
Event: 5.967 Thread 0x000001bd6ca6a000 DEOPT PACKING pc=0x000001bd5b6b68d4 sp=0x00000087d23fc760
Event: 5.967 Thread 0x000001bd6ca6a000 DEOPT UNPACKING pc=0x000001bd53ba78af sp=0x00000087d23fc6e0 mode 2
Event: 5.971 Thread 0x000001bd6ca6a000 Uncommon trap: trap_request=0xffffff4d fr.pc=0x000001bd5b712b80 relative=0x0000000000000240
Event: 5.971 Thread 0x000001bd6ca6a000 Uncommon trap: reason=unstable_if action=reinterpret pc=0x000001bd5b712b80 method=java.util.concurrent.ConcurrentHashMap.get(Ljava/lang/Object;)Ljava/lang/Object; @ 76 c2
Event: 5.971 Thread 0x000001bd6ca6a000 DEOPT PACKING pc=0x000001bd5b712b80 sp=0x00000087d23fa890
Event: 5.971 Thread 0x000001bd6ca6a000 DEOPT UNPACKING pc=0x000001bd53ba78af sp=0x00000087d23fa7f8 mode 2

Classes redefined (0 events):
No events

Internal exceptions (20 events):
Event: 4.388 Thread 0x000001bd6ca6a000 Exception <a 'java/lang/NoSuchMethodError'{0x0000000086d8b0b0}: 'long java.lang.invoke.DirectMethodHandle$Holder.invokeInterface(java.lang.Object, java.lang.Object)'> (0x0000000086d8b0b0) thrown at [./src/hotspot/share/interpreter/linkResolver.cpp, line 773]
Event: 4.397 Thread 0x000001bd6ca6a000 Exception <a 'java/lang/NoSuchMethodError'{0x0000000086dadd28}: 'void java.lang.invoke.DelegatingMethodHandle$Holder.reinvoke_L(java.lang.Object, java.lang.Object, java.lang.Object, java.lang.Object, java.lang.Object, java.lang.Object, java.lang.Object)'> (0x0000000086dadd28) thrown at [./src/hotspot/share/interpreter/linkResolver.cpp, line 773]
Event: 4.881 Thread 0x000001bd6ca6a000 Exception <a 'java/lang/NoSuchMethodError'{0x0000000085c1fcd0}: 'java.lang.Object java.lang.invoke.DirectMethodHandle$Holder.invokeVirtual(java.lang.Object, java.lang.Object, java.lang.Object)'> (0x0000000085c1fcd0) thrown at [./src/hotspot/share/interpreter/linkResolver.cpp, line 773]
Event: 5.021 Thread 0x000001bd6ca6a000 Exception <a 'java/lang/NoSuchMethodError'{0x00000000859c61f0}: 'void java.lang.invoke.DirectMethodHandle$Holder.invokeInterface(java.lang.Object, java.lang.Object)'> (0x00000000859c61f0) thrown at [./src/hotspot/share/interpreter/linkResolver.cpp, line 773]
Event: 5.022 Thread 0x000001bd6ca6a000 Exception <a 'java/lang/IncompatibleClassChangeError'{0x00000000859c93a0}: Found class java.lang.Object, but interface was expected> (0x00000000859c93a0) thrown at [./src/hotspot/share/interpreter/linkResolver.cpp, line 839]
Event: 5.072 Thread 0x000001bd6ca6a000 Exception <a 'java/lang/NoSuchMethodError'{0x0000000085771458}: 'void java.lang.invoke.DirectMethodHandle$Holder.invokeStaticInit(java.lang.Object)'> (0x0000000085771458) thrown at [./src/hotspot/share/interpreter/linkResolver.cpp, line 773]
Event: 5.158 Thread 0x000001bd6ca6a000 Exception <a 'java/lang/NoSuchMethodError'{0x0000000085405458}: 'java.lang.Object java.lang.invoke.DirectMethodHandle$Holder.invokeStatic(java.lang.Object, java.lang.Object, java.lang.Object, int)'> (0x0000000085405458) thrown at [./src/hotspot/share/interpreter/linkResolver.cpp, line 773]
Event: 5.158 Thread 0x000001bd6ca6a000 Exception <a 'java/lang/NoSuchMethodError'{0x0000000085409620}: 'java.lang.Object java.lang.invoke.DirectMethodHandle$Holder.invokeSpecial(java.lang.Object, java.lang.Object, java.lang.Object, java.lang.Object, int)'> (0x0000000085409620) thrown at [./src/hotspot/share/interpreter/linkResolver.cpp, line 773]
Event: 5.158 Thread 0x000001bd6ca6a000 Exception <a 'java/lang/NoSuchMethodError'{0x000000008540d008}: 'java.lang.Object java.lang.invoke.Invokers$Holder.linkToTargetMethod(java.lang.Object, java.lang.Object, int, java.lang.Object)'> (0x000000008540d008) thrown at [./src/hotspot/share/interpreter/linkResolver.cpp, line 773]
Event: 5.420 Thread 0x000001bd6ca6a000 Exception <a 'java/lang/NoSuchMethodError'{0x0000000086fc6570}: 'int java.lang.invoke.DirectMethodHandle$Holder.invokeSpecialIFC(java.lang.Object, java.lang.Object, java.lang.Object, java.lang.Object)'> (0x0000000086fc6570) thrown at [./src/hotspot/share/interpreter/linkResolver.cpp, line 773]
Event: 5.428 Thread 0x000001bd6ca6a000 Exception <a 'java/lang/NoSuchMethodError'{0x0000000086fd4330}: 'java.lang.Object java.lang.invoke.DirectMethodHandle$Holder.invokeInterface(java.lang.Object, java.lang.Object, java.lang.Object)'> (0x0000000086fd4330) thrown at [./src/hotspot/share/interpreter/linkResolver.cpp, line 773]
Event: 5.429 Thread 0x000001bd6ca6a000 Exception <a 'java/lang/IncompatibleClassChangeError'{0x0000000086fd7838}: Found class java.lang.Object, but interface was expected> (0x0000000086fd7838) thrown at [./src/hotspot/share/interpreter/linkResolver.cpp, line 839]
Event: 5.453 Thread 0x000001bd6ca6a000 Exception <a 'java/lang/NoSuchMethodError'{0x0000000086e8d948}: 'void java.lang.invoke.DirectMethodHandle$Holder.invokeStatic(java.lang.Object, java.lang.Object, java.lang.Object, java.lang.Object, java.lang.Object)'> (0x0000000086e8d948) thrown at [./src/hotspot/share/interpreter/linkResolver.cpp, line 773]
Event: 5.608 Thread 0x000001bd6ca6a000 Exception <a 'java/lang/NoSuchMethodError'{0x00000000869331c0}: 'void java.lang.invoke.DirectMethodHandle$Holder.invokeSpecial(java.lang.Object, java.lang.Object)'> (0x00000000869331c0) thrown at [./src/hotspot/share/interpreter/linkResolver.cpp, line 773]
Event: 5.720 Thread 0x000001bd6ca6a000 Exception <a 'java/lang/NoSuchMethodError'{0x00000000867653d8}: 'java.lang.Object java.lang.invoke.DirectMethodHandle$Holder.invokeSpecial(java.lang.Object, java.lang.Object, java.lang.Object, java.lang.Object, java.lang.Object, java.lang.Object, java.lang.Object, java.lang.Object, java.lang.Object)'> (0x00000000867653d8) thrown at [./src/hotspot/share/interpreter/linkResolver.cpp, line 773]
Event: 5.897 Thread 0x000001bd6ca6a000 Exception <a 'java/lang/NoSuchMethodError'{0x0000000085eff6d0}: 'java.lang.Object java.lang.invoke.DirectMethodHandle$Holder.invokeVirtual(java.lang.Object, java.lang.Object, java.lang.Object, java.lang.Object)'> (0x0000000085eff6d0) thrown at [./src/hotspot/share/interpreter/linkResolver.cpp, line 773]
Event: 5.924 Thread 0x000001bd6ca6a000 Exception <a 'java/lang/NoSuchMethodError'{0x0000000085bc8d30}: 'java.lang.Object java.lang.invoke.Invokers$Holder.invoker(java.lang.Object, java.lang.Object, java.lang.Object, java.lang.Object, java.lang.Object)'> (0x0000000085bc8d30) thrown at [./src/hotspot/share/interpreter/linkResolver.cpp, line 773]
Event: 6.008 Thread 0x000001bd6ca6a000 Exception <a 'java/lang/NoSuchMethodError'{0x0000000085614760}: 'void java.lang.invoke.DirectMethodHandle$Holder.invokeSpecial(java.lang.Object, java.lang.Object, java.lang.Object, java.lang.Object, java.lang.Object, java.lang.Object)'> (0x0000000085614760) thrown at [./src/hotspot/share/interpreter/linkResolver.cpp, line 773]
Event: 6.018 Thread 0x000001bd6ca6a000 Exception <a 'java/lang/NoSuchMethodError'{0x0000000085679c78}: 'void java.lang.invoke.DirectMethodHandle$Holder.invokeSpecial(java.lang.Object, java.lang.Object, java.lang.Object, java.lang.Object, java.lang.Object, java.lang.Object, java.lang.Object)'> (0x0000000085679c78) thrown at [./src/hotspot/share/interpreter/linkResolver.cpp, line 773]
Event: 6.019 Thread 0x000001bd6ca6a000 Exception <a 'java/lang/NoSuchMethodError'{0x00000000856b2c60}: 'java.lang.Object java.lang.invoke.Invokers$Holder.linkToTargetMethod(java.lang.Object, java.lang.Object, java.lang.Object, java.lang.Object, java.lang.Object, java.lang.Object)'> (0x00000000856b2c60) thrown at [./src/hotspot/share/interpreter/linkResolver.cpp, line 773]

Events (20 events):
Event: 6.140 loading class org/gradle/api/internal/artifacts/DefaultBuildIdentifier
Event: 6.140 loading class org/gradle/api/internal/artifacts/DefaultBuildIdentifier done
Event: 6.141 loading class org/gradle/configuration/ScriptPlugin
Event: 6.141 loading class org/gradle/configuration/ScriptPlugin done
Event: 6.141 loading class org/gradle/api/Plugin
Event: 6.141 loading class org/gradle/api/Plugin done
Event: 6.141 loading class org/gradle/configuration/DefaultImportsReader
Event: 6.141 loading class org/gradle/configuration/DefaultImportsReader done
Event: 6.142 loading class com/google/common/io/Resources
Event: 6.142 loading class com/google/common/io/Resources done
Event: 6.143 loading class com/google/common/io/Resources$UrlByteSource
Event: 6.143 loading class com/google/common/io/Resources$UrlByteSource done
Event: 6.143 loading class org/gradle/configuration/DefaultImportsReader$1
Event: 6.143 loading class org/gradle/configuration/DefaultImportsReader$1 done
Event: 6.144 loading class com/google/common/io/CharStreams
Event: 6.144 loading class com/google/common/io/CharStreams done
Event: 6.144 loading class com/google/common/io/CharStreams$NullWriter
Event: 6.144 loading class com/google/common/io/CharStreams$NullWriter done
Event: 6.145 loading class com/google/common/io/AppendableWriter
Event: 6.145 loading class com/google/common/io/AppendableWriter done


Dynamic libraries:
0x00007ff648410000 - 0x00007ff64841a000 	D:\workspace\Android Studio\jre\bin\java.exe
0x00007ffbc4f10000 - 0x00007ffbc5105000 	C:\WINDOWS\SYSTEM32\ntdll.dll
0x00007ffbc4390000 - 0x00007ffbc444d000 	C:\WINDOWS\System32\KERNEL32.DLL
0x00007ffbc2c40000 - 0x00007ffbc2f09000 	C:\WINDOWS\System32\KERNELBASE.dll
0x00007ffbc2730000 - 0x00007ffbc2830000 	C:\WINDOWS\System32\ucrtbase.dll
0x00007ffbbc1a0000 - 0x00007ffbbc1b7000 	D:\workspace\Android Studio\jre\bin\VCRUNTIME140.dll
0x00007ffbbc180000 - 0x00007ffbbc199000 	D:\workspace\Android Studio\jre\bin\jli.dll
0x00007ffbc3770000 - 0x00007ffbc3910000 	C:\WINDOWS\System32\USER32.dll
0x00007ffbc28e0000 - 0x00007ffbc2902000 	C:\WINDOWS\System32\win32u.dll
0x00007ffbc4710000 - 0x00007ffbc473a000 	C:\WINDOWS\System32\GDI32.dll
0x00007ffbadef0000 - 0x00007ffbae18a000 	C:\WINDOWS\WinSxS\amd64_microsoft.windows.common-controls_6595b64144ccf1df_6.0.19041.1110_none_60b5254171f9507e\COMCTL32.dll
0x00007ffbc48b0000 - 0x00007ffbc494e000 	C:\WINDOWS\System32\msvcrt.dll
0x00007ffbc2910000 - 0x00007ffbc2a1b000 	C:\WINDOWS\System32\gdi32full.dll
0x00007ffbc2640000 - 0x00007ffbc26dd000 	C:\WINDOWS\System32\msvcp_win.dll
0x00007ffbc4d80000 - 0x00007ffbc4db0000 	C:\WINDOWS\System32\IMM32.DLL
0x00007ffba35d0000 - 0x00007ffba366d000 	D:\workspace\Android Studio\jre\bin\msvcp140.dll
0x00007ffb56c60000 - 0x00007ffb5772f000 	D:\workspace\Android Studio\jre\bin\server\jvm.dll
0x00007ffbc4e10000 - 0x00007ffbc4ebc000 	C:\WINDOWS\System32\ADVAPI32.dll
0x00007ffbc4810000 - 0x00007ffbc48ab000 	C:\WINDOWS\System32\sechost.dll
0x00007ffbc45c0000 - 0x00007ffbc46ea000 	C:\WINDOWS\System32\RPCRT4.dll
0x00007ffbc4ec0000 - 0x00007ffbc4ec8000 	C:\WINDOWS\System32\PSAPI.DLL
0x00007ffbbf860000 - 0x00007ffbbf887000 	C:\WINDOWS\SYSTEM32\WINMM.dll
0x00007ffbb72d0000 - 0x00007ffbb72da000 	C:\WINDOWS\SYSTEM32\VERSION.dll
0x00007ffbac0d0000 - 0x00007ffbac0d9000 	C:\WINDOWS\SYSTEM32\WSOCK32.dll
0x00007ffbc4740000 - 0x00007ffbc47ab000 	C:\WINDOWS\System32\ws2_32.DLL
0x00007ffbc0f20000 - 0x00007ffbc0f32000 	C:\WINDOWS\SYSTEM32\kernel.appcore.dll
0x00007ffbb3170000 - 0x00007ffbb3181000 	D:\workspace\Android Studio\jre\bin\verify.dll
0x00007ffbc0cc0000 - 0x00007ffbc0ea4000 	C:\WINDOWS\SYSTEM32\DBGHELP.DLL
0x00007ffbaee70000 - 0x00007ffbaee9c000 	C:\WINDOWS\SYSTEM32\dbgcore.DLL
0x00007ffbc2bb0000 - 0x00007ffbc2c33000 	C:\WINDOWS\System32\bcryptPrimitives.dll
0x00007ffbb2ed0000 - 0x00007ffbb2ef9000 	D:\workspace\Android Studio\jre\bin\java.dll
0x00007ffbb4d60000 - 0x00007ffbb4d6b000 	D:\workspace\Android Studio\jre\bin\jimage.dll
0x00007ffba3430000 - 0x00007ffba3448000 	D:\workspace\Android Studio\jre\bin\zip.dll
0x00007ffbc3030000 - 0x00007ffbc376f000 	C:\WINDOWS\System32\SHELL32.dll
0x00007ffbc0460000 - 0x00007ffbc0bf0000 	C:\WINDOWS\SYSTEM32\windows.storage.dll
0x00007ffbc4030000 - 0x00007ffbc4385000 	C:\WINDOWS\System32\combase.dll
0x00007ffbc1fd0000 - 0x00007ffbc1ffc000 	C:\WINDOWS\SYSTEM32\Wldp.dll
0x00007ffbc3910000 - 0x00007ffbc39be000 	C:\WINDOWS\System32\SHCORE.dll
0x00007ffbc47b0000 - 0x00007ffbc4805000 	C:\WINDOWS\System32\shlwapi.dll
0x00007ffbc2580000 - 0x00007ffbc259f000 	C:\WINDOWS\SYSTEM32\profapi.dll
0x00007ffba3340000 - 0x00007ffba335a000 	D:\workspace\Android Studio\jre\bin\net.dll
0x00007ffbb43a0000 - 0x00007ffbb44a8000 	C:\WINDOWS\SYSTEM32\WINHTTP.dll
0x00007ffbc1d30000 - 0x00007ffbc1d9a000 	C:\WINDOWS\system32\mswsock.dll
0x00007ffba3320000 - 0x00007ffba3334000 	D:\workspace\Android Studio\jre\bin\nio.dll
0x00007ffbbc660000 - 0x00007ffbbc687000 	C:\Users\cu\.gradle\native\8bec1ad78214c89d9ad589b4d07fe93259594b29d510b10fafb7a158f7737e5d\windows-amd64\native-platform.dll
0x00007ffb93b90000 - 0x00007ffb93ccd000 	C:\Users\cu\.gradle\native\53dbd7edfb1c66fb8903c78663c9afc45aea4f116125fa6feffd364cf09443e8\windows-amd64\native-platform-file-events.dll
0x00007ffbb3050000 - 0x00007ffbb305a000 	D:\workspace\Android Studio\jre\bin\management.dll
0x00007ffbb2b10000 - 0x00007ffbb2b1c000 	D:\workspace\Android Studio\jre\bin\management_ext.dll
0x00007ffbc1f30000 - 0x00007ffbc1f48000 	C:\WINDOWS\SYSTEM32\CRYPTSP.dll
0x00007ffbc16b0000 - 0x00007ffbc16e4000 	C:\WINDOWS\system32\rsaenh.dll
0x00007ffbc2a20000 - 0x00007ffbc2a47000 	C:\WINDOWS\System32\bcrypt.dll
0x00007ffbc2500000 - 0x00007ffbc252e000 	C:\WINDOWS\SYSTEM32\USERENV.dll
0x00007ffbc1f20000 - 0x00007ffbc1f2c000 	C:\WINDOWS\SYSTEM32\CRYPTBASE.dll
0x00007ffbc1a20000 - 0x00007ffbc1a5b000 	C:\WINDOWS\SYSTEM32\IPHLPAPI.DLL
0x00007ffbc4950000 - 0x00007ffbc4958000 	C:\WINDOWS\System32\NSI.dll
0x00007ffbb90c0000 - 0x00007ffbb90d7000 	C:\WINDOWS\SYSTEM32\dhcpcsvc6.DLL
0x00007ffbba130000 - 0x00007ffbba14d000 	C:\WINDOWS\SYSTEM32\dhcpcsvc.DLL
0x00007ffbc1a60000 - 0x00007ffbc1b2c000 	C:\WINDOWS\SYSTEM32\DNSAPI.dll

dbghelp: loaded successfully - version: 4.0.5 - missing functions: none
symbol engine: initialized successfully - sym options: 0x614 - pdb path: .;D:\workspace\Android Studio\jre\bin;C:\WINDOWS\SYSTEM32;C:\WINDOWS\WinSxS\amd64_microsoft.windows.common-controls_6595b64144ccf1df_6.0.19041.1110_none_60b5254171f9507e;D:\workspace\Android Studio\jre\bin\server;C:\Users\cu\.gradle\native\8bec1ad78214c89d9ad589b4d07fe93259594b29d510b10fafb7a158f7737e5d\windows-amd64;C:\Users\cu\.gradle\native\53dbd7edfb1c66fb8903c78663c9afc45aea4f116125fa6feffd364cf09443e8\windows-amd64

VM Arguments:
jvm_args: --add-opens=java.base/java.util=ALL-UNNAMED --add-opens=java.base/java.lang=ALL-UNNAMED --add-opens=java.base/java.lang.invoke=ALL-UNNAMED --add-opens=java.base/java.util=ALL-UNNAMED --add-opens=java.prefs/java.util.prefs=ALL-UNNAMED --add-opens=java.prefs/java.util.prefs=ALL-UNNAMED --add-opens=java.base/java.nio.charset=ALL-UNNAMED --add-opens=java.base/java.net=ALL-UNNAMED --add-opens=java.base/java.util.concurrent.atomic=ALL-UNNAMED -Xmx2048m -Dfile.encoding=UTF-8 -Duser.country=CN -Duser.language=zh -Duser.variant 
java_command: org.gradle.launcher.daemon.bootstrap.GradleDaemon 7.0.2
java_class_path (initial): C:\Users\cu\.gradle\wrapper\dists\gradle-7.0.2-bin\857tjihv64xamwrf0h14cai3r\gradle-7.0.2\lib\gradle-launcher-7.0.2.jar
Launcher Type: SUN_STANDARD

[Global flags]
     intx CICompilerCount                          = 4                                         {product} {ergonomic}
     uint ConcGCThreads                            = 2                                         {product} {ergonomic}
     uint G1ConcRefinementThreads                  = 8                                         {product} {ergonomic}
   size_t G1HeapRegionSize                         = 1048576                                   {product} {ergonomic}
    uintx GCDrainStackTargetSize                   = 64                                        {product} {ergonomic}
   size_t InitialHeapSize                          = 117440512                                 {product} {ergonomic}
   size_t MarkStackSize                            = 4194304                                   {product} {ergonomic}
   size_t MaxHeapSize                              = 2147483648                                {product} {command line}
   size_t MaxNewSize                               = 1287651328                                {product} {ergonomic}
   size_t MinHeapDeltaBytes                        = 1048576                                   {product} {ergonomic}
    uintx NonNMethodCodeHeapSize                   = 5836300                                {pd product} {ergonomic}
    uintx NonProfiledCodeHeapSize                  = 122910970                              {pd product} {ergonomic}
    uintx ProfiledCodeHeapSize                     = 122910970                              {pd product} {ergonomic}
    uintx ReservedCodeCacheSize                    = 251658240                              {pd product} {ergonomic}
     bool SegmentedCodeCache                       = true                                      {product} {ergonomic}
     bool UseCompressedClassPointers               = true                                 {lp64_product} {ergonomic}
     bool UseCompressedOops                        = true                                 {lp64_product} {ergonomic}
     bool UseG1GC                                  = true                                      {product} {ergonomic}
     bool UseLargePagesIndividualAllocation        = false                                  {pd product} {ergonomic}

Logging:
Log output configuration:
 #0: stdout all=warning uptime,level,tags
 #1: stderr all=off uptime,level,tags

Environment Variables:
JAVA_HOME=D:\workspace\jdk8
CLASSPATH=.;D:\workspace\jdk8\lib\dt.jar;D:\workspace\jdk8\lib\tools.jar;
PATH=D:\workspace\jdk8\bin;C:\WINDOWS\system32;C:\WINDOWS;C:\WINDOWS\System32\Wbem;C:\WINDOWS\System32\WindowsPowerShell\v1.0\;C:\WINDOWS\System32\OpenSSH\;D:\workspace\mysql-8.0.25-winx64\bin;D:\workspace\apache-maven-3.8.1\bin;D:\workspace\R2021a\bin;C:\Program Files\Git\cmd;C:\Users\cu\AppData\Local\Microsoft\WindowsApps;;D:\安装目录\IntelliJ IDEA 2021.1.3\bin;
USERNAME=cu
OS=Windows_NT
PROCESSOR_IDENTIFIER=AMD64 Family 23 Model 24 Stepping 1, AuthenticAMD



---------------  S Y S T E M  ---------------

OS: Windows 10 , 64 bit Build 19041 (10.0.19041.1151)
OS uptime: 0 days 21:47 hours

CPU:total 8 (initial active 8) (8 cores per cpu, 2 threads per core) family 23 model 24 stepping 1 microcode 0x0, cmov, cx8, fxsr, mmx, sse, sse2, sse3, ssse3, sse4.1, sse4.2, popcnt, avx, avx2, aes, clmul, mmxext, 3dnowpref, lzcnt, sse4a, ht, tsc, tscinvbit, tscinv, bmi1, bmi2, adx, s

Memory: 4k page, system-wide physical 7103M (371M free)
TotalPageFile size 19750M (AvailPageFile size 5M)
current process WorkingSet (physical memory assigned to process): 197M, peak: 197M
current process commit charge ("private bytes"): 256M, peak: 256M

vm_info: OpenJDK 64-Bit Server VM (11.0.10+0-b96-7249189) for windows-amd64 JRE (11.0.10+0-b96-7249189), built on Mar 31 2021 21:44:00 by "builder" with MS VC++ 14.0 (VS2015)

END.
